<?xml version="1.0" encoding="UTF-8"?>
<testng-results ignored="0" total="12" passed="11" failed="1" skipped="0">
  <reporter-output>
  </reporter-output>
  <suite started-at="2023-05-21T00:38:06 IST" name="TutorialsNinja Automation Suite" finished-at="2023-05-21T00:39:22 IST" duration-ms="75747">
    <groups>
    </groups>
    <test started-at="2023-05-21T00:38:06 IST" name="TutorialsNinja Tests" finished-at="2023-05-21T00:39:22 IST" duration-ms="75747">
      <class name="com.tutorialsninja.qa.testcases.Search">
        <test-method is-config="true" signature="setup()[pri:0, instance:com.tutorialsninja.qa.testcases.Search@4c371370]" started-at="2023-05-21T00:39:06 IST" name="setup" finished-at="2023-05-21T00:39:11 IST" duration-ms="4827" status="PASS">
          <reporter-output>
          </reporter-output>
        </test-method> <!-- setup -->
        <test-method signature="verifySearchWithValidProduct()[pri:1, instance:com.tutorialsninja.qa.testcases.Search@4c371370]" started-at="2023-05-21T00:39:11 IST" name="verifySearchWithValidProduct" finished-at="2023-05-21T00:39:12 IST" duration-ms="751" status="PASS">
          <reporter-output>
          </reporter-output>
        </test-method> <!-- verifySearchWithValidProduct -->
        <test-method is-config="true" signature="tearDown()[pri:0, instance:com.tutorialsninja.qa.testcases.Search@4c371370]" started-at="2023-05-21T00:39:12 IST" name="tearDown" finished-at="2023-05-21T00:39:12 IST" duration-ms="206" status="PASS">
          <reporter-output>
          </reporter-output>
        </test-method> <!-- tearDown -->
        <test-method is-config="true" signature="setup()[pri:0, instance:com.tutorialsninja.qa.testcases.Search@4c371370]" started-at="2023-05-21T00:39:12 IST" name="setup" finished-at="2023-05-21T00:39:16 IST" duration-ms="3295" status="PASS">
          <reporter-output>
          </reporter-output>
        </test-method> <!-- setup -->
        <test-method signature="verifySearchWithInvalidProduct()[pri:2, instance:com.tutorialsninja.qa.testcases.Search@4c371370]" started-at="2023-05-21T00:39:16 IST" name="verifySearchWithInvalidProduct" finished-at="2023-05-21T00:39:16 IST" duration-ms="642" status="PASS">
          <reporter-output>
          </reporter-output>
        </test-method> <!-- verifySearchWithInvalidProduct -->
        <test-method is-config="true" signature="tearDown()[pri:0, instance:com.tutorialsninja.qa.testcases.Search@4c371370]" started-at="2023-05-21T00:39:16 IST" name="tearDown" finished-at="2023-05-21T00:39:16 IST" duration-ms="190" status="PASS">
          <reporter-output>
          </reporter-output>
        </test-method> <!-- tearDown -->
        <test-method is-config="true" signature="setup()[pri:0, instance:com.tutorialsninja.qa.testcases.Search@4c371370]" started-at="2023-05-21T00:39:16 IST" name="setup" finished-at="2023-05-21T00:39:21 IST" duration-ms="4299" status="PASS">
          <reporter-output>
          </reporter-output>
        </test-method> <!-- setup -->
        <test-method signature="verifySearchWithoutAnyProduct()[pri:3, instance:com.tutorialsninja.qa.testcases.Search@4c371370]" started-at="2023-05-21T00:39:21 IST" name="verifySearchWithoutAnyProduct" finished-at="2023-05-21T00:39:21 IST" duration-ms="651" status="PASS">
          <reporter-output>
          </reporter-output>
        </test-method> <!-- verifySearchWithoutAnyProduct -->
        <test-method is-config="true" signature="tearDown()[pri:0, instance:com.tutorialsninja.qa.testcases.Search@4c371370]" started-at="2023-05-21T00:39:21 IST" name="tearDown" finished-at="2023-05-21T00:39:22 IST" duration-ms="204" status="PASS">
          <reporter-output>
          </reporter-output>
        </test-method> <!-- tearDown -->
      </class> <!-- com.tutorialsninja.qa.testcases.Search -->
      <class name="com.tutorialsninja.qa.testcases.Register">
        <test-method is-config="true" signature="setup()[pri:0, instance:com.tutorialsninja.qa.testcases.Register@49ec71f8]" started-at="2023-05-21T00:38:06 IST" name="setup" finished-at="2023-05-21T00:38:13 IST" duration-ms="7083" status="PASS">
          <reporter-output>
          </reporter-output>
        </test-method> <!-- setup -->
        <test-method signature="verifyRegisteringAnAccountWithMandatoryFields()[pri:1, instance:com.tutorialsninja.qa.testcases.Register@49ec71f8]" started-at="2023-05-21T00:38:13 IST" name="verifyRegisteringAnAccountWithMandatoryFields" finished-at="2023-05-21T00:38:15 IST" duration-ms="2300" status="PASS">
          <reporter-output>
          </reporter-output>
        </test-method> <!-- verifyRegisteringAnAccountWithMandatoryFields -->
        <test-method is-config="true" signature="teardown()[pri:0, instance:com.tutorialsninja.qa.testcases.Register@49ec71f8]" started-at="2023-05-21T00:38:15 IST" name="teardown" finished-at="2023-05-21T00:38:15 IST" duration-ms="1" status="PASS">
          <reporter-output>
          </reporter-output>
        </test-method> <!-- teardown -->
        <test-method is-config="true" signature="setup()[pri:0, instance:com.tutorialsninja.qa.testcases.Register@49ec71f8]" started-at="2023-05-21T00:38:15 IST" name="setup" finished-at="2023-05-21T00:38:21 IST" duration-ms="5775" status="PASS">
          <reporter-output>
          </reporter-output>
        </test-method> <!-- setup -->
        <test-method signature="verifyRegisteringAccountByProvidingAllFields()[pri:2, instance:com.tutorialsninja.qa.testcases.Register@49ec71f8]" started-at="2023-05-21T00:38:21 IST" name="verifyRegisteringAccountByProvidingAllFields" finished-at="2023-05-21T00:38:23 IST" duration-ms="2276" status="PASS">
          <reporter-output>
          </reporter-output>
        </test-method> <!-- verifyRegisteringAccountByProvidingAllFields -->
        <test-method is-config="true" signature="teardown()[pri:0, instance:com.tutorialsninja.qa.testcases.Register@49ec71f8]" started-at="2023-05-21T00:38:23 IST" name="teardown" finished-at="2023-05-21T00:38:23 IST" duration-ms="1" status="PASS">
          <reporter-output>
          </reporter-output>
        </test-method> <!-- teardown -->
        <test-method is-config="true" signature="setup()[pri:0, instance:com.tutorialsninja.qa.testcases.Register@49ec71f8]" started-at="2023-05-21T00:38:23 IST" name="setup" finished-at="2023-05-21T00:38:30 IST" duration-ms="6235" status="PASS">
          <reporter-output>
          </reporter-output>
        </test-method> <!-- setup -->
        <test-method signature="verifyRegisteringAccountWithExistingEmailAddress()[pri:3, instance:com.tutorialsninja.qa.testcases.Register@49ec71f8]" started-at="2023-05-21T00:38:30 IST" name="verifyRegisteringAccountWithExistingEmailAddress" finished-at="2023-05-21T00:38:32 IST" duration-ms="2880" status="PASS">
          <reporter-output>
          </reporter-output>
        </test-method> <!-- verifyRegisteringAccountWithExistingEmailAddress -->
        <test-method is-config="true" signature="teardown()[pri:0, instance:com.tutorialsninja.qa.testcases.Register@49ec71f8]" started-at="2023-05-21T00:38:32 IST" name="teardown" finished-at="2023-05-21T00:38:33 IST" duration-ms="205" status="PASS">
          <reporter-output>
          </reporter-output>
        </test-method> <!-- teardown -->
        <test-method is-config="true" signature="setup()[pri:0, instance:com.tutorialsninja.qa.testcases.Register@49ec71f8]" started-at="2023-05-21T00:38:33 IST" name="setup" finished-at="2023-05-21T00:38:37 IST" duration-ms="4605" status="PASS">
          <reporter-output>
          </reporter-output>
        </test-method> <!-- setup -->
        <test-method signature="verifyRegisteringAccountWithoutFillingAnyDetails()[pri:4, instance:com.tutorialsninja.qa.testcases.Register@49ec71f8]" started-at="2023-05-21T00:38:37 IST" name="verifyRegisteringAccountWithoutFillingAnyDetails" finished-at="2023-05-21T00:38:39 IST" duration-ms="1620" status="PASS">
          <reporter-output>
          </reporter-output>
        </test-method> <!-- verifyRegisteringAccountWithoutFillingAnyDetails -->
        <test-method is-config="true" signature="teardown()[pri:0, instance:com.tutorialsninja.qa.testcases.Register@49ec71f8]" started-at="2023-05-21T00:38:39 IST" name="teardown" finished-at="2023-05-21T00:38:39 IST" duration-ms="207" status="PASS">
          <reporter-output>
          </reporter-output>
        </test-method> <!-- teardown -->
      </class> <!-- com.tutorialsninja.qa.testcases.Register -->
      <class name="com.tutorialsninja.qa.testcases.Login">
        <test-method is-config="true" signature="setup()[pri:0, instance:com.tutorialsninja.qa.testcases.Login@18078bef]" started-at="2023-05-21T00:38:39 IST" name="setup" finished-at="2023-05-21T00:38:42 IST" duration-ms="3412" status="PASS">
          <reporter-output>
          </reporter-output>
        </test-method> <!-- setup -->
        <test-method signature="verifyLoginWithValidCredentials()[pri:1, instance:com.tutorialsninja.qa.testcases.Login@18078bef]" started-at="2023-05-21T00:38:42 IST" name="verifyLoginWithValidCredentials" finished-at="2023-05-21T00:38:43 IST" duration-ms="1010" status="PASS">
          <reporter-output>
          </reporter-output>
        </test-method> <!-- verifyLoginWithValidCredentials -->
        <test-method is-config="true" signature="teardown()[pri:0, instance:com.tutorialsninja.qa.testcases.Login@18078bef]" started-at="2023-05-21T00:38:43 IST" name="teardown" finished-at="2023-05-21T00:38:44 IST" duration-ms="182" status="PASS">
          <reporter-output>
          </reporter-output>
        </test-method> <!-- teardown -->
        <test-method is-config="true" signature="setup()[pri:0, instance:com.tutorialsninja.qa.testcases.Login@18078bef]" started-at="2023-05-21T00:38:44 IST" name="setup" finished-at="2023-05-21T00:38:49 IST" duration-ms="5431" status="PASS">
          <reporter-output>
          </reporter-output>
        </test-method> <!-- setup -->
        <test-method signature="verifyLoginWithInvalidCredentials()[pri:2, instance:com.tutorialsninja.qa.testcases.Login@18078bef]" started-at="2023-05-21T00:38:49 IST" name="verifyLoginWithInvalidCredentials" finished-at="2023-05-21T00:38:50 IST" duration-ms="1373" status="PASS">
          <reporter-output>
          </reporter-output>
        </test-method> <!-- verifyLoginWithInvalidCredentials -->
        <test-method is-config="true" signature="teardown()[pri:0, instance:com.tutorialsninja.qa.testcases.Login@18078bef]" started-at="2023-05-21T00:38:50 IST" name="teardown" finished-at="2023-05-21T00:38:51 IST" duration-ms="221" status="PASS">
          <reporter-output>
          </reporter-output>
        </test-method> <!-- teardown -->
        <test-method is-config="true" signature="setup()[pri:0, instance:com.tutorialsninja.qa.testcases.Login@18078bef]" started-at="2023-05-21T00:38:51 IST" name="setup" finished-at="2023-05-21T00:38:55 IST" duration-ms="4513" status="PASS">
          <reporter-output>
          </reporter-output>
        </test-method> <!-- setup -->
        <test-method signature="verifyLoginWithInvalidEmailAndValidPassword()[pri:3, instance:com.tutorialsninja.qa.testcases.Login@18078bef]" started-at="2023-05-21T00:38:55 IST" name="verifyLoginWithInvalidEmailAndValidPassword" finished-at="2023-05-21T00:38:56 IST" duration-ms="1122" status="PASS">
          <reporter-output>
          </reporter-output>
        </test-method> <!-- verifyLoginWithInvalidEmailAndValidPassword -->
        <test-method is-config="true" signature="teardown()[pri:0, instance:com.tutorialsninja.qa.testcases.Login@18078bef]" started-at="2023-05-21T00:38:56 IST" name="teardown" finished-at="2023-05-21T00:38:57 IST" duration-ms="178" status="PASS">
          <reporter-output>
          </reporter-output>
        </test-method> <!-- teardown -->
        <test-method is-config="true" signature="setup()[pri:0, instance:com.tutorialsninja.qa.testcases.Login@18078bef]" started-at="2023-05-21T00:38:57 IST" name="setup" finished-at="2023-05-21T00:39:00 IST" duration-ms="3827" status="PASS">
          <reporter-output>
          </reporter-output>
        </test-method> <!-- setup -->
        <test-method signature="verifyLoginWithvalidEmailAndInvalidPassword()[pri:4, instance:com.tutorialsninja.qa.testcases.Login@18078bef]" started-at="2023-05-21T00:39:00 IST" name="verifyLoginWithvalidEmailAndInvalidPassword" finished-at="2023-05-21T00:39:01 IST" duration-ms="709" status="FAIL">
          <exception class="java.lang.AssertionError">
            <message>
              <![CDATA[expected [Warning: Your account has exceeded allowed number of login attempts. Please try again in 1 hour.] but found [Warning: No match for E-Mail Address and/or Password.]]]>
            </message>
            <full-stacktrace>
              <![CDATA[java.lang.AssertionError: expected [Warning: Your account has exceeded allowed number of login attempts. Please try again in 1 hour.] but found [Warning: No match for E-Mail Address and/or Password.]
at org.testng.Assert.fail(Assert.java:110)
at org.testng.Assert.failNotEquals(Assert.java:1577)
at org.testng.Assert.assertEqualsImpl(Assert.java:149)
at org.testng.Assert.assertEquals(Assert.java:131)
at org.testng.Assert.assertEquals(Assert.java:655)
at org.testng.Assert.assertEquals(Assert.java:665)
at com.tutorialsninja.qa.testcases.Login.verifyLoginWithvalidEmailAndInvalidPassword(Login.java:67)
at java.base/jdk.internal.reflect.DirectMethodHandleAccessor.invoke(DirectMethodHandleAccessor.java:104)
at java.base/java.lang.reflect.Method.invoke(Method.java:578)
at org.testng.internal.invokers.MethodInvocationHelper.invokeMethod(MethodInvocationHelper.java:139)
at org.testng.internal.invokers.TestInvoker.invokeMethod(TestInvoker.java:677)
at org.testng.internal.invokers.TestInvoker.invokeTestMethod(TestInvoker.java:221)
at org.testng.internal.invokers.MethodRunner.runInSequence(MethodRunner.java:50)
at org.testng.internal.invokers.TestInvoker$MethodInvocationAgent.invoke(TestInvoker.java:969)
at org.testng.internal.invokers.TestInvoker.invokeTestMethods(TestInvoker.java:194)
at org.testng.internal.invokers.TestMethodWorker.invokeTestMethods(TestMethodWorker.java:148)
at org.testng.internal.invokers.TestMethodWorker.run(TestMethodWorker.java:128)
at java.base/java.util.ArrayList.forEach(ArrayList.java:1511)
at org.testng.TestRunner.privateRun(TestRunner.java:829)
at org.testng.TestRunner.run(TestRunner.java:602)
at org.testng.SuiteRunner.runTest(SuiteRunner.java:437)
at org.testng.SuiteRunner.runSequentially(SuiteRunner.java:431)
at org.testng.SuiteRunner.privateRun(SuiteRunner.java:391)
at org.testng.SuiteRunner.run(SuiteRunner.java:330)
at org.testng.SuiteRunnerWorker.runSuite(SuiteRunnerWorker.java:52)
at org.testng.SuiteRunnerWorker.run(SuiteRunnerWorker.java:95)
at org.testng.TestNG.runSuitesSequentially(TestNG.java:1256)
at org.testng.TestNG.runSuitesLocally(TestNG.java:1176)
at org.testng.TestNG.runSuites(TestNG.java:1099)
at org.testng.TestNG.run(TestNG.java:1067)
at org.testng.remote.AbstractRemoteTestNG.run(AbstractRemoteTestNG.java:115)
at org.testng.remote.RemoteTestNG.initAndRun(RemoteTestNG.java:251)
at org.testng.remote.RemoteTestNG.main(RemoteTestNG.java:77)
]]>
            </full-stacktrace>
          </exception> <!-- java.lang.AssertionError -->
          <reporter-output>
          </reporter-output>
        </test-method> <!-- verifyLoginWithvalidEmailAndInvalidPassword -->
        <test-method is-config="true" signature="teardown()[pri:0, instance:com.tutorialsninja.qa.testcases.Login@18078bef]" started-at="2023-05-21T00:39:01 IST" name="teardown" finished-at="2023-05-21T00:39:01 IST" duration-ms="189" status="PASS">
          <reporter-output>
          </reporter-output>
        </test-method> <!-- teardown -->
        <test-method is-config="true" signature="setup()[pri:0, instance:com.tutorialsninja.qa.testcases.Login@18078bef]" started-at="2023-05-21T00:39:01 IST" name="setup" finished-at="2023-05-21T00:39:06 IST" duration-ms="4381" status="PASS">
          <reporter-output>
          </reporter-output>
        </test-method> <!-- setup -->
        <test-method signature="verifyLoginWithoutProvidingCredentials()[pri:5, instance:com.tutorialsninja.qa.testcases.Login@18078bef]" started-at="2023-05-21T00:39:06 IST" name="verifyLoginWithoutProvidingCredentials" finished-at="2023-05-21T00:39:06 IST" duration-ms="666" status="PASS">
          <reporter-output>
          </reporter-output>
        </test-method> <!-- verifyLoginWithoutProvidingCredentials -->
        <test-method is-config="true" signature="teardown()[pri:0, instance:com.tutorialsninja.qa.testcases.Login@18078bef]" started-at="2023-05-21T00:39:06 IST" name="teardown" finished-at="2023-05-21T00:39:06 IST" duration-ms="191" status="PASS">
          <reporter-output>
          </reporter-output>
        </test-method> <!-- teardown -->
      </class> <!-- com.tutorialsninja.qa.testcases.Login -->
    </test> <!-- TutorialsNinja Tests -->
  </suite> <!-- TutorialsNinja Automation Suite -->
</testng-results>
